2025/09/17 17:21:12.466022 startup: begin
2025/09/17 17:21:12.467643 env: GOOS=windows GOARCH=amd64 GOVERSION=go1.24.4 GOTRACEBACK=all
2025/09/17 17:21:12.467643 step: InitCommonControlsEx begin
2025/09/17 17:21:12.484318 error: InitCommonControlsEx failed; dwICC=0x000087ff
2025/09/17 17:32:53.270667 startup: begin
2025/09/17 17:32:53.271744 env: GOOS=windows GOARCH=amd64 GOVERSION=go1.24.4 GOTRACEBACK=all
2025/09/17 17:32:53.271744 step: InitCommonControlsEx begin
2025/09/17 17:32:53.284696 warn: InitCommonControlsEx failed (broad set); dwICC=0x000087ff
2025/09/17 17:32:53.285207 step: InitCommonControlsEx success (conservative set); dwICC=0x000001ff
2025/09/17 17:32:53.285207 step: MainWindow.Create begin
2025/09/17 17:32:53.319342 step: MainWindow.Create end; duration=34.1346ms
2025/09/17 17:32:53.319342 error: MainWindow.Create failed: TTM_ADDTOOL failed

Stack:
goroutine 1 [running, locked to thread]:
runtime/debug.Stack()
	C:/Program Files/Go/src/runtime/debug/stack.go:26 +0x5e
github.com/lxn/walk.newErr(...)
	C:/Users/PATKRAN/go/pkg/mod/github.com/lxn/walk@v0.0.0-20210112085537-c389da54e794/error.go:81
github.com/lxn/walk.newError({0x1180577, 0x12})
	C:/Users/PATKRAN/go/pkg/mod/github.com/lxn/walk@v0.0.0-20210112085537-c389da54e794/error.go:85 +0x25
github.com/lxn/walk.(*ToolTip).addTool(0x28?, 0x12092c8?, 0x8?)
	C:/Users/PATKRAN/go/pkg/mod/github.com/lxn/walk@v0.0.0-20210112085537-c389da54e794/tooltip.go:184 +0x96
github.com/lxn/walk.(*ToolTip).AddTool(0xc0001ac008, {0x12092c8?, 0xc000198708?})
	C:/Users/PATKRAN/go/pkg/mod/github.com/lxn/walk@v0.0.0-20210112085537-c389da54e794/tooltip.go:160 +0x34
github.com/lxn/walk.(*WidgetBase).init(0xc000198708, {0x116e740?, 0x1185dd8?})
	C:/Users/PATKRAN/go/pkg/mod/github.com/lxn/walk@v0.0.0-20210112085537-c389da54e794/widget.go:137 +0x117
github.com/lxn/walk.initWindowWithCfg(0xc0000bfbe0)
	C:/Users/PATKRAN/go/pkg/mod/github.com/lxn/walk@v0.0.0-20210112085537-c389da54e794/window.go:670 +0x60e
github.com/lxn/walk.InitWindow(...)
	C:/Users/PATKRAN/go/pkg/mod/github.com/lxn/walk@v0.0.0-20210112085537-c389da54e794/window.go:538
github.com/lxn/walk.InitWidget({0x12092c8, 0xc000198708}, {0x1202f88, 0xc000004408}, {0x1185dd8?, 0x1c?}, 0x50000000?, 0x10000?)
	C:/Users/PATKRAN/go/pkg/mod/github.com/lxn/walk@v0.0.0-20210112085537-c389da54e794/widget.go:110 +0x105
github.com/lxn/walk.NewCompositeWithStyle({0x1202f88, 0xc000004408}, 0x0)
	C:/Users/PATKRAN/go/pkg/mod/github.com/lxn/walk@v0.0.0-20210112085537-c389da54e794/composite.go:30 +0xbc
github.com/lxn/walk.NewComposite(...)
	C:/Users/PATKRAN/go/pkg/mod/github.com/lxn/walk@v0.0.0-20210112085537-c389da54e794/composite.go:45
github.com/lxn/walk.(*FormBase).init(0xc000004408, {0x1209918, 0xc000004408})
	C:/Users/PATKRAN/go/pkg/mod/github.com/lxn/walk@v0.0.0-20210112085537-c389da54e794/form.go:107 +0x69
github.com/lxn/walk.initWindowWithCfg(0xc0000bfec8)
	C:/Users/PATKRAN/go/pkg/mod/github.com/lxn/walk@v0.0.0-20210112085537-c389da54e794/window.go:662 +0x56e
github.com/lxn/walk.NewMainWindowWithCfg(0xc0000c01f0)
	C:/Users/PATKRAN/go/pkg/mod/github.com/lxn/walk@v0.0.0-20210112085537-c389da54e794/mainwindow.go:48 +0x134
github.com/lxn/walk/declarative.MainWindow.Create({{{0x0, 0x0}, {0x0, 0x0}, {0x0, 0x0}, {0x0, 0x0}, {0x0, 0x0}, ...}, ...})
	C:/Users/PATKRAN/go/pkg/mod/github.com/lxn/walk@v0.0.0-20210112085537-c389da54e794/declarative/mainwindow.go:64 +0xee
main.main()
	C:/Users/PATKRAN/Python/07_controlling/financial_calculator/walk/cmd/fc-walk/main.go:562 +0x447d
2025/09/17 17:41:14.504234 startup: begin
2025/09/17 17:41:14.506952 env: GOOS=windows GOARCH=amd64 GOVERSION=go1.24.4 GOTRACEBACK=all
2025/09/17 17:41:14.507509 step: InitCommonControlsEx begin
2025/09/17 17:41:14.527946 warn: InitCommonControlsEx failed (broad set); dwICC=0x000087ff
2025/09/17 17:41:14.528235 step: InitCommonControlsEx success (conservative set); dwICC=0x000001ff
2025/09/17 17:41:14.528235 step: MainWindow.Create begin
2025/09/17 17:41:14.578680 step: MainWindow.Create end; duration=50.4441ms
2025/09/17 17:41:14.579338 error: MainWindow.Create failed: TTM_ADDTOOL failed

Stack:
goroutine 1 [running, locked to thread]:
runtime/debug.Stack()
	C:/Program Files/Go/src/runtime/debug/stack.go:26 +0x5e
github.com/lxn/walk.newErr(...)
	C:/Users/PATKRAN/go/pkg/mod/github.com/lxn/walk@v0.0.0-20210112085537-c389da54e794/error.go:81
github.com/lxn/walk.newError({0x1170577, 0x12})
	C:/Users/PATKRAN/go/pkg/mod/github.com/lxn/walk@v0.0.0-20210112085537-c389da54e794/error.go:85 +0x25
github.com/lxn/walk.(*ToolTip).addTool(0x28?, 0x11f92c8?, 0x8?)
	C:/Users/PATKRAN/go/pkg/mod/github.com/lxn/walk@v0.0.0-20210112085537-c389da54e794/tooltip.go:184 +0x96
github.com/lxn/walk.(*ToolTip).AddTool(0xc0001e0008, {0x11f92c8?, 0xc0001c0708?})
	C:/Users/PATKRAN/go/pkg/mod/github.com/lxn/walk@v0.0.0-20210112085537-c389da54e794/tooltip.go:160 +0x34
github.com/lxn/walk.(*WidgetBase).init(0xc0001c0708, {0x115e740?, 0x1175dd8?})
	C:/Users/PATKRAN/go/pkg/mod/github.com/lxn/walk@v0.0.0-20210112085537-c389da54e794/widget.go:137 +0x117
github.com/lxn/walk.initWindowWithCfg(0xc000189be0)
	C:/Users/PATKRAN/go/pkg/mod/github.com/lxn/walk@v0.0.0-20210112085537-c389da54e794/window.go:670 +0x60e
github.com/lxn/walk.InitWindow(...)
	C:/Users/PATKRAN/go/pkg/mod/github.com/lxn/walk@v0.0.0-20210112085537-c389da54e794/window.go:538
github.com/lxn/walk.InitWidget({0x11f92c8, 0xc0001c0708}, {0x11f2f88, 0xc000004408}, {0x1175dd8?, 0x1c?}, 0x50000000?, 0x10000?)
	C:/Users/PATKRAN/go/pkg/mod/github.com/lxn/walk@v0.0.0-20210112085537-c389da54e794/widget.go:110 +0x105
github.com/lxn/walk.NewCompositeWithStyle({0x11f2f88, 0xc000004408}, 0x0)
	C:/Users/PATKRAN/go/pkg/mod/github.com/lxn/walk@v0.0.0-20210112085537-c389da54e794/composite.go:30 +0xbc
github.com/lxn/walk.NewComposite(...)
	C:/Users/PATKRAN/go/pkg/mod/github.com/lxn/walk@v0.0.0-20210112085537-c389da54e794/composite.go:45
github.com/lxn/walk.(*FormBase).init(0xc000004408, {0x11f9918, 0xc000004408})
	C:/Users/PATKRAN/go/pkg/mod/github.com/lxn/walk@v0.0.0-20210112085537-c389da54e794/form.go:107 +0x69
github.com/lxn/walk.initWindowWithCfg(0xc000189ec8)
	C:/Users/PATKRAN/go/pkg/mod/github.com/lxn/walk@v0.0.0-20210112085537-c389da54e794/window.go:662 +0x56e
github.com/lxn/walk.NewMainWindowWithCfg(0xc00018a1f0)
	C:/Users/PATKRAN/go/pkg/mod/github.com/lxn/walk@v0.0.0-20210112085537-c389da54e794/mainwindow.go:48 +0x134
github.com/lxn/walk/declarative.MainWindow.Create({{{0x0, 0x0}, {0x0, 0x0}, {0x0, 0x0}, {0x0, 0x0}, {0x0, 0x0}, ...}, ...})
	C:/Users/PATKRAN/go/pkg/mod/github.com/lxn/walk@v0.0.0-20210112085537-c389da54e794/declarative/mainwindow.go:64 +0xee
main.main()
	C:/Users/PATKRAN/Python/07_controlling/financial_calculator/walk/cmd/fc-walk/main.go:562 +0x447d
2025/09/18 14:48:43.991861 startup: begin
2025/09/18 14:48:43.993507 env: GOOS=windows GOARCH=amd64 GOVERSION=go1.24.4 GOTRACEBACK=
2025/09/18 14:48:43.993507 step: InitCommonControlsEx begin
2025/09/18 14:48:44.008158 warn: InitCommonControlsEx failed (broad set); dwICC=0x000087ff
2025/09/18 14:48:44.008158 step: InitCommonControlsEx success (conservative set); dwICC=0x000001ff
2025/09/18 14:48:44.008158 step: MainWindow.Create begin
2025/09/18 14:48:44.033303 step: MainWindow.Create end; duration=25.1446ms
2025/09/18 14:48:44.033303 error: MainWindow.Create failed: TTM_ADDTOOL failed

Stack:
goroutine 1 [running, locked to thread]:
runtime/debug.Stack()
	C:/Program Files/Go/src/runtime/debug/stack.go:26 +0x5e
github.com/lxn/walk.newErr(...)
	C:/Users/PATKRAN/go/pkg/mod/github.com/lxn/walk@v0.0.0-20210112085537-c389da54e794/error.go:81
github.com/lxn/walk.newError({0xda0577, 0x12})
	C:/Users/PATKRAN/go/pkg/mod/github.com/lxn/walk@v0.0.0-20210112085537-c389da54e794/error.go:85 +0x25
github.com/lxn/walk.(*ToolTip).addTool(0x28?, 0xe292c8?, 0x8?)
	C:/Users/PATKRAN/go/pkg/mod/github.com/lxn/walk@v0.0.0-20210112085537-c389da54e794/tooltip.go:184 +0x96
github.com/lxn/walk.(*ToolTip).AddTool(0xc000135908, {0xe292c8?, 0xc000150708?})
	C:/Users/PATKRAN/go/pkg/mod/github.com/lxn/walk@v0.0.0-20210112085537-c389da54e794/tooltip.go:160 +0x34
github.com/lxn/walk.(*WidgetBase).init(0xc000150708, {0xd8e740?, 0xda5dd8?})
	C:/Users/PATKRAN/go/pkg/mod/github.com/lxn/walk@v0.0.0-20210112085537-c389da54e794/widget.go:137 +0x117
github.com/lxn/walk.initWindowWithCfg(0xc0000bfbe0)
	C:/Users/PATKRAN/go/pkg/mod/github.com/lxn/walk@v0.0.0-20210112085537-c389da54e794/window.go:670 +0x60e
github.com/lxn/walk.InitWindow(...)
	C:/Users/PATKRAN/go/pkg/mod/github.com/lxn/walk@v0.0.0-20210112085537-c389da54e794/window.go:538
github.com/lxn/walk.InitWidget({0xe292c8, 0xc000150708}, {0xe22f88, 0xc000144008}, {0xda5dd8?, 0x1c?}, 0x50000000?, 0x10000?)
	C:/Users/PATKRAN/go/pkg/mod/github.com/lxn/walk@v0.0.0-20210112085537-c389da54e794/widget.go:110 +0x105
github.com/lxn/walk.NewCompositeWithStyle({0xe22f88, 0xc000144008}, 0x0)
	C:/Users/PATKRAN/go/pkg/mod/github.com/lxn/walk@v0.0.0-20210112085537-c389da54e794/composite.go:30 +0xbc
github.com/lxn/walk.NewComposite(...)
	C:/Users/PATKRAN/go/pkg/mod/github.com/lxn/walk@v0.0.0-20210112085537-c389da54e794/composite.go:45
github.com/lxn/walk.(*FormBase).init(0xc000144008, {0xe29918, 0xc000144008})
	C:/Users/PATKRAN/go/pkg/mod/github.com/lxn/walk@v0.0.0-20210112085537-c389da54e794/form.go:107 +0x69
github.com/lxn/walk.initWindowWithCfg(0xc0000bfec8)
	C:/Users/PATKRAN/go/pkg/mod/github.com/lxn/walk@v0.0.0-20210112085537-c389da54e794/window.go:662 +0x56e
github.com/lxn/walk.NewMainWindowWithCfg(0xc0000c01f0)
	C:/Users/PATKRAN/go/pkg/mod/github.com/lxn/walk@v0.0.0-20210112085537-c389da54e794/mainwindow.go:48 +0x134
github.com/lxn/walk/declarative.MainWindow.Create({{{0x0, 0x0}, {0x0, 0x0}, {0x0, 0x0}, {0x0, 0x0}, {0x0, 0x0}, ...}, ...})
	C:/Users/PATKRAN/go/pkg/mod/github.com/lxn/walk@v0.0.0-20210112085537-c389da54e794/declarative/mainwindow.go:64 +0xee
main.main()
	C:/Users/PATKRAN/Python/07_controlling/financial_calculator/walk/cmd/fc-walk/main.go:562 +0x447d
2025/09/19 14:40:49.667891 startup: begin
2025/09/19 14:40:49.668951 env: GOOS=windows GOARCH=amd64 GOVERSION=go1.24.4 GOTRACEBACK=
2025/09/19 14:40:49.668951 step: InitCommonControlsEx begin
2025/09/19 14:40:49.680007 step: InitCommonControlsEx success (broad set); dwICC=0x000087ff
2025/09/19 14:40:49.680007 step: MainWindow.Create begin
2025/09/23 18:31:49.946947 startup: begin
2025/09/23 18:31:49.952801 env: GOOS=windows GOARCH=amd64 GOVERSION=go1.24.4 GOTRACEBACK=
2025/09/23 18:31:49.952801 step: InitCommonControlsEx begin
2025/09/23 18:31:49.978922 step: InitCommonControlsEx success (broad set); dwICC=0x000087ff
2025/09/23 18:31:49.979911 step: MainWindow.Create begin
2025/09/23 18:33:45.041280 step: MainWindow.Create end; duration=1m55.0613689s
2025/09/23 18:33:45.041280 step: mw.Run begin
2025/09/23 18:33:45.197569 post-create: defaults applied and initial recalc completed
2025/09/23 23:31:08.169734 step: mw.Run end; duration=4h57m23.1284539s
2025/09/23 23:31:08.170418 shutdown: normal exit
2025/09/24 09:45:08.534129 startup: begin
2025/09/24 09:45:08.537753 env: GOOS=windows GOARCH=amd64 GOVERSION=go1.24.4 GOTRACEBACK=
2025/09/24 09:45:08.537753 step: InitCommonControlsEx begin
2025/09/24 09:45:08.555322 step: InitCommonControlsEx success (broad set); dwICC=0x000087ff
2025/09/24 09:45:08.559227 step: MainWindow.Create begin
2025/09/24 10:03:53.735868 step: MainWindow.Create end; duration=18m45.1826196s
2025/09/24 10:03:53.735868 step: mw.Run begin
2025/09/24 10:03:53.910628 post-create: defaults applied and initial recalc completed
2025/09/24 10:08:01.814842 step: mw.Run end; duration=4m8.0778513s
2025/09/24 10:08:01.814842 shutdown: normal exit
2025/09/24 10:58:34.692594 startup: begin
2025/09/24 10:58:34.693769 env: GOOS=windows GOARCH=amd64 GOVERSION=go1.24.4 GOTRACEBACK=
2025/09/24 10:58:34.693769 step: InitCommonControlsEx begin
2025/09/24 10:58:34.706706 step: InitCommonControlsEx success (broad set); dwICC=0x000087ff
2025/09/24 10:58:34.710500 step: MainWindow.Create begin
2025/09/24 10:58:34.916034 step: MainWindow.Create end; duration=205.5358ms
2025/09/24 10:58:34.916034 step: mw.Run begin
2025/09/24 10:58:34.982754 post-create: window initialized; awaiting user input
2025/09/24 13:28:32.496033 startup: begin
2025/09/24 13:28:32.498150 env: GOOS=windows GOARCH=amd64 GOVERSION=go1.24.4 GOTRACEBACK=
2025/09/24 13:28:32.498682 step: InitCommonControlsEx begin
2025/09/24 13:28:32.510501 step: InitCommonControlsEx success (broad set); dwICC=0x000087ff
2025/09/24 13:28:32.512064 params loaded: version=2025-09-sample source=C:\Users\PATKRAN\Python\07_controlling\financial_calculator\config.yaml
2025/09/24 13:28:32.512596 step: MainWindow.Create begin
2025/09/24 13:28:32.806076 step: MainWindow.Create end; duration=293.4851ms
2025/09/24 13:28:32.806076 step: mw.Run begin
2025/09/24 13:28:32.935230 post-create: window initialized; awaiting user input
2025/09/24 13:28:38.162433 compute ok: version=2025-09-sample installment=THB 21,226 rorac=117.13%
2025/09/24 13:28:38.376309 compute ok: version=2025-09-sample installment=THB 21,226 rorac=117.13%
2025/09/24 13:28:42.552910 compute ok: version=2025-09-sample installment=THB 21,226 rorac=117.13%
2025/09/24 13:28:43.806392 compute ok: version=2025-09-sample installment=THB 21,226 rorac=117.13%
2025/09/24 13:28:45.040679 compute ok: version=2025-09-sample installment=THB 21,226 rorac=117.13%
2025/09/24 13:29:02.029129 compute ok: version=2025-09-sample installment=THB 21,226 rorac=117.13%
2025/09/24 13:29:40.409697 compute ok: version=2025-09-sample installment=THB 21,226 rorac=117.13%
2025/09/24 13:29:42.188679 compute ok: version=2025-09-sample installment=THB 21,226 rorac=117.13%
2025/09/24 13:29:42.620272 compute ok: version=2025-09-sample installment=THB 21,226 rorac=117.13%
2025/09/24 13:29:48.638433 compute ok: version=2025-09-sample installment=THB 21,226 rorac=117.13%
2025/09/24 13:30:01.445500 step: mw.Run end; duration=1m28.6409661s
2025/09/24 13:30:01.446336 shutdown: normal exit
2025/09/25 09:47:23.755085 startup: begin
2025/09/25 09:47:23.761526 env: GOOS=windows GOARCH=amd64 GOVERSION=go1.24.4 GOTRACEBACK=
2025/09/25 09:47:23.761526 step: InitCommonControlsEx begin
2025/09/25 09:47:23.811994 warn: InitCommonControlsEx failed (broad set); dwICC=0x000087ff
2025/09/25 09:47:23.821803 step: InitCommonControlsEx success (conservative set); dwICC=0x000001ff
2025/09/25 09:47:23.821803 step: InitCommonControlsEx fallback: conservative
2025/09/25 09:47:23.827334 params loaded: version=2025-09-sample source=C:\Users\PATKRAN\Python\07_controlling\financial_calculator\config.yaml
2025/09/25 09:47:23.827334 step: MainWindow.Create begin
2025/09/25 09:47:23.907010 step: MainWindow.Create end; duration=79.5348ms
2025/09/25 09:47:23.907463 error: MainWindow.Create failed: TTM_ADDTOOL failed

Stack:
goroutine 1 [running, locked to thread]:
runtime/debug.Stack()
	C:/Program Files/Go/src/runtime/debug/stack.go:26 +0x5e
github.com/lxn/walk.newErr(...)
	C:/Users/PATKRAN/go/pkg/mod/github.com/lxn/walk@v0.0.0-20210112085537-c389da54e794/error.go:81
github.com/lxn/walk.newError({0x125069e, 0x12})
	C:/Users/PATKRAN/go/pkg/mod/github.com/lxn/walk@v0.0.0-20210112085537-c389da54e794/error.go:85 +0x25
github.com/lxn/walk.(*ToolTip).addTool(0x28?, 0x134e858?, 0x8?)
	C:/Users/PATKRAN/go/pkg/mod/github.com/lxn/walk@v0.0.0-20210112085537-c389da54e794/tooltip.go:184 +0x96
github.com/lxn/walk.(*ToolTip).AddTool(0xc000139688, {0x134e858?, 0xc000140708?})
	C:/Users/PATKRAN/go/pkg/mod/github.com/lxn/walk@v0.0.0-20210112085537-c389da54e794/tooltip.go:160 +0x34
github.com/lxn/walk.(*WidgetBase).init(0xc000140708, {0x1230260?, 0x125a9cb?})
	C:/Users/PATKRAN/go/pkg/mod/github.com/lxn/walk@v0.0.0-20210112085537-c389da54e794/widget.go:137 +0x117
github.com/lxn/walk.initWindowWithCfg(0xc000390e60)
	C:/Users/PATKRAN/go/pkg/mod/github.com/lxn/walk@v0.0.0-20210112085537-c389da54e794/window.go:670 +0x60e
github.com/lxn/walk.InitWindow(...)
	C:/Users/PATKRAN/go/pkg/mod/github.com/lxn/walk@v0.0.0-20210112085537-c389da54e794/window.go:538
github.com/lxn/walk.InitWidget({0x134e858, 0xc000140708}, {0x13472d8, 0xc00014e008}, {0x125a9cb?, 0x1c?}, 0x50000000?, 0x10000?)
	C:/Users/PATKRAN/go/pkg/mod/github.com/lxn/walk@v0.0.0-20210112085537-c389da54e794/widget.go:110 +0x105
github.com/lxn/walk.NewCompositeWithStyle({0x13472d8, 0xc00014e008}, 0x0)
	C:/Users/PATKRAN/go/pkg/mod/github.com/lxn/walk@v0.0.0-20210112085537-c389da54e794/composite.go:30 +0xbc
github.com/lxn/walk.NewComposite(...)
	C:/Users/PATKRAN/go/pkg/mod/github.com/lxn/walk@v0.0.0-20210112085537-c389da54e794/composite.go:45
github.com/lxn/walk.(*FormBase).init(0xc00014e008, {0x134f878, 0xc00014e008})
	C:/Users/PATKRAN/go/pkg/mod/github.com/lxn/walk@v0.0.0-20210112085537-c389da54e794/form.go:107 +0x69
github.com/lxn/walk.initWindowWithCfg(0xc000391148)
	C:/Users/PATKRAN/go/pkg/mod/github.com/lxn/walk@v0.0.0-20210112085537-c389da54e794/window.go:662 +0x56e
github.com/lxn/walk.NewMainWindowWithCfg(0xc000391470)
	C:/Users/PATKRAN/go/pkg/mod/github.com/lxn/walk@v0.0.0-20210112085537-c389da54e794/mainwindow.go:48 +0x134
github.com/lxn/walk/declarative.MainWindow.Create({{{0x0, 0x0}, {0x0, 0x0}, {0x0, 0x0}, {0x0, 0x0}, {0x0, 0x0}, ...}, ...})
	C:/Users/PATKRAN/go/pkg/mod/github.com/lxn/walk@v0.0.0-20210112085537-c389da54e794/declarative/mainwindow.go:64 +0xee
main.main()
	C:/Users/PATKRAN/Python/07_controlling/financial_calculator/walk/cmd/fc-walk/main.go:1213 +0x6e1d
